TN:
SF:src\modules\users\services\CreateUserService.ts
FN:24,CreateUserService
FN:32,Object.<anonymous>.CreateUserService.execute
FNF:2
FNH:2
FNDA:3,CreateUserService
FNDA:5,Object.<anonymous>.CreateUserService.execute
DA:1,1
DA:2,1
DA:3,1
DA:4,1
DA:5,1
DA:6,1
DA:7,1
DA:8,1
DA:9,1
DA:10,1
DA:11,1
DA:12,1
DA:13,1
DA:14,1
DA:15,1
DA:16,1
DA:17,1
DA:18,1
DA:19,1
DA:20,1
DA:21,1
DA:22,1
DA:23,1
DA:24,1
DA:25,3
DA:26,3
DA:27,3
DA:28,3
DA:29,3
DA:30,3
DA:31,3
DA:32,1
DA:33,5
DA:34,5
DA:35,5
DA:36,1
DA:37,1
DA:38,4
DA:39,4
DA:40,5
DA:41,5
DA:42,1
DA:43,1
DA:44,3
DA:45,3
DA:46,5
DA:47,5
DA:48,5
DA:49,5
DA:50,5
DA:51,5
DA:52,5
DA:53,5
DA:54,5
DA:55,5
DA:56,5
DA:57,5
DA:58,5
DA:59,5
DA:60,5
DA:61,5
DA:62,5
DA:63,5
DA:64,5
DA:65,5
DA:66,5
DA:67,5
DA:68,1
DA:69,1
DA:70,1
LF:70
LH:70
BRDA:23,0,0,1
BRDA:24,1,0,3
BRDA:32,2,0,5
BRDA:33,3,0,5
BRDA:35,4,0,1
BRDA:38,5,0,4
BRDA:41,6,0,1
BRDA:44,7,0,3
BRF:8
BRH:8
end_of_record
TN:
SF:src\modules\users\services\UpdateUserAvatarService.ts
FN:14,UpdateUserAvatarService
FN:21,Object.<anonymous>.UpdateUserAvatarService.execute
FNF:2
FNH:2
FNDA:3,UpdateUserAvatarService
FNDA:4,Object.<anonymous>.UpdateUserAvatarService.execute
DA:1,1
DA:2,1
DA:3,1
DA:4,1
DA:5,1
DA:6,1
DA:7,1
DA:8,1
DA:9,1
DA:10,1
DA:11,1
DA:12,1
DA:13,1
DA:14,1
DA:15,3
DA:16,3
DA:17,3
DA:18,3
DA:19,3
DA:20,3
DA:21,1
DA:22,4
DA:23,4
DA:24,4
DA:25,4
DA:26,3
DA:27,3
DA:28,1
DA:29,4
DA:30,4
DA:31,4
DA:32,4
DA:33,4
DA:34,4
DA:35,4
DA:36,4
DA:37,4
DA:38,4
DA:39,1
DA:40,1
DA:41,1
LF:41
LH:41
BRDA:13,0,0,1
BRDA:14,1,0,3
BRDA:21,2,0,4
BRDA:23,3,0,4
BRDA:25,4,0,1
BRDA:26,5,0,3
BRDA:27,6,0,2
BRDA:27,7,0,1
BRDA:31,8,0,3
BRF:9
BRH:9
end_of_record
